<?xml version="1.0" encoding="UTF-8"?>
<!-- Generated by org.testng.reporters.JUnitXMLReporter -->
<testsuite ignored="1" hostname="JESVIN-3011" failures="0" tests="1" name="Test" time="12.59" errors="0" timestamp="2022-08-25T16:08:01 IST">
  <testcase classname="com.LMS.POMScript.EmployeeApplyLeaveTest" name="empApplyLeave" time="9.026"/>
  <testcase classname="com.edu.LMS.GenericUtility.BaseClass" name="@BeforeSuite configBS" time="0.0">
    <ignored/>
  </testcase> <!-- @BeforeSuite configBS -->
</testsuite> <!-- Test -->
